<?xml version="1.0" encoding="UTF-8"?>
<testsuite xmlns:xsi="http://www.w3.org/2001/XMLSchema-instance" xsi:noNamespaceSchemaLocation="https://maven.apache.org/surefire/maven-surefire-plugin/xsd/surefire-test-report.xsd" name="lapr2.ClientServicesProvider.aplicationagpsd.Model.UserTest" time="0" tests="9" errors="0" skipped="0" failures="0">
  <properties>
[...]
</properties>
  <testcase name="equalsTestNull" classname="lapr2.ClientServicesProvider.aplicationagpsd.Model.UserTest" time="0"/>
  <testcase name="setPassword" classname="lapr2.ClientServicesProvider.aplicationagpsd.Model.UserTest" time="0"/>
  <testcase name="getPassword" classname="lapr2.ClientServicesProvider.aplicationagpsd.Model.UserTest" time="0"/>
  <testcase name="equalsTestParameters" classname="lapr2.ClientServicesProvider.aplicationagpsd.Model.UserTest" time="0"/>
  <testcase name="equalsTestDifferentClass" classname="lapr2.ClientServicesProvider.aplicationagpsd.Model.UserTest" time="0"/>
  <testcase name="toStringTest" classname="lapr2.ClientServicesProvider.aplicationagpsd.Model.UserTest" time="0"/>
  <testcase name="equalsTestSameObject" classname="lapr2.ClientServicesProvider.aplicationagpsd.Model.UserTest" time="0"/>
  <testcase name="setEmail" classname="lapr2.ClientServicesProvider.aplicationagpsd.Model.UserTest" time="0"/>
  <testcase name="getEmail" classname="lapr2.ClientServicesProvider.aplicationagpsd.Model.UserTest" time="0"/>
</testsuite>